C:\Program Files\WindowsApps\PythonSoftwareFoundation.Python.3.10_3.10.3056.0_x64__qbz5n2kfra8p0\lib\runpy.py:126: RuntimeWarning: 'stresscam.app' found in sys.modules after import of package 'stresscam', but prior to execution of 'stresscam.app'; this may result in unpredictable behaviour
  warn(RuntimeWarning(msg))
WARNING: All log messages before absl::InitializeLog() is called are written to STDERR
W0000 00:00:1769770378.879687   21016 face_landmarker_graph.cc:174] Sets FaceBlendshapesGraph acceleration to xnnpack by default.
INFO: Created TensorFlow Lite XNNPACK delegate for CPU.
W0000 00:00:1769770378.908053   17808 inference_feedback_manager.cc:114] Feedback manager requires a model with a single signature inference. Disabling support for feedback tensors.
W0000 00:00:1769770378.931193   15520 inference_feedback_manager.cc:114] Feedback manager requires a model with a single signature inference. Disabling support for feedback tensors.
Exception in thread Thread-2 (runner):
Traceback (most recent call last):
  File "C:\Program Files\WindowsApps\PythonSoftwareFoundation.Python.3.10_3.10.3056.0_x64__qbz5n2kfra8p0\lib\threading.py", line 1016, in _bootstrap_inner
    self.run()
  File "C:\Program Files\WindowsApps\PythonSoftwareFoundation.Python.3.10_3.10.3056.0_x64__qbz5n2kfra8p0\lib\threading.py", line 953, in run
    self._target(*self._args, **self._kwargs)
  File "C:\Users\mathe\OneDrive\Documentos\Programação\Detecção de Stress\stresscam\server.py", line 107, in runner
    self._ws_server = websockets.serve(self._ws_handler, "0.0.0.0", self.ws_port)
  File "C:\Users\mathe\OneDrive\Documentos\Programação\Detecção de Stress\.venv310\lib\site-packages\websockets\asyncio\server.py", line 759, in __init__
    self.server = Server(
  File "C:\Users\mathe\OneDrive\Documentos\Programação\Detecção de Stress\.venv310\lib\site-packages\websockets\asyncio\server.py", line 284, in __init__
    self.loop = asyncio.get_running_loop()
RuntimeError: no running event loop
